Watching for file changes with StatReloader
INFO 2021-08-31 21:08:41,082 autoreload 131065 140488178497344 Watching for file changes with StatReloader
INFO 2021-08-31 21:09:06,999 basehttp 131065 140488044705344 "GET / HTTP/1.1" 200 3052
INFO 2021-08-31 21:09:07,031 basehttp 131065 140488044705344 "GET /static/store/lib/fontawesome/css/all.min.css HTTP/1.1" 200 59344
INFO 2021-08-31 21:09:07,033 basehttp 131065 140488036312640 "GET /static/store/css/store.css HTTP/1.1" 200 2723
INFO 2021-08-31 21:09:07,035 basehttp 131065 140488036312640 "GET /static/store/js/cart.js HTTP/1.1" 304 0
WARNING 2021-08-31 21:09:07,070 log 131065 140488036312640 Not Found: /favicon.ico
INFO 2021-08-31 21:09:13,906 basehttp 131065 140488036312640 "GET / HTTP/1.1" 200 3052
WARNING 2021-08-31 21:09:13,941 log 131065 140488036312640 Not Found: /favicon.ico
INFO 2021-08-31 21:09:24,822 basehttp 131065 140488036312640 "GET /products/ HTTP/1.1" 302 0
INFO 2021-08-31 21:09:24,834 basehttp 131065 140488036312640 "GET /accounts/login/?next=/products/ HTTP/1.1" 200 4657
INFO 2021-08-31 21:09:33,217 basehttp 131065 140488036312640 "POST /accounts/login/ HTTP/1.1" 302 0
INFO 2021-08-31 21:09:33,259 basehttp 131065 140488036312640 "GET /products/ HTTP/1.1" 200 26885
INFO 2021-08-31 21:24:48,623 autoreload 134729 140307779278656 Watching for file changes with StatReloader
INFO 2021-08-31 21:24:56,849 basehttp 134729 140307716826688 "GET / HTTP/1.1" 200 3073
INFO 2021-08-31 21:24:56,924 basehttp 134729 140307707909696 "GET /static/store/css/store.css HTTP/1.1" 200 2723
INFO 2021-08-31 21:24:56,926 basehttp 134729 140307716826688 "GET /static/store/lib/fontawesome/css/all.min.css HTTP/1.1" 200 59344
INFO 2021-08-31 21:24:56,932 basehttp 134729 140307699516992 "GET /static/store/js/cart.js HTTP/1.1" 200 1540
INFO 2021-08-31 21:24:57,090 basehttp 134729 140307716826688 "GET /static/store/lib/fontawesome/webfonts/fa-solid-900.woff2 HTTP/1.1" 200 78196
WARNING 2021-08-31 21:24:57,108 log 134729 140307716826688 Not Found: /favicon.ico
WARNING 2021-08-31 21:24:57,108 basehttp 134729 140307716826688 "GET /favicon.ico HTTP/1.1" 404 3437
INFO 2021-08-31 21:25:09,157 autoreload 134729 140307779278656 /home/artyom/Documents/Uni/ISP/lab3/lab3/settings.py changed, reloading.
INFO 2021-08-31 21:25:09,515 autoreload 134844 139646072375104 Watching for file changes with StatReloader
INFO 2021-08-31 21:25:16,790 autoreload 134844 139646072375104 /home/artyom/Documents/Uni/ISP/lab3/lab3/settings.py changed, reloading.
INFO 2021-08-31 21:25:16,999 autoreload 134876 139825248323392 Watching for file changes with StatReloader
ERROR 2021-08-31 21:25:21,165 exception 134876 139825185871424 Invalid HTTP_HOST header: 'localhost:8000'. You may need to add 'localhost' to ALLOWED_HOSTS.
WARNING 2021-08-31 21:25:21,299 log 134876 139825185871424 Bad Request: /
WARNING 2021-08-31 21:25:21,300 basehttp 134876 139825185871424 "GET / HTTP/1.1" 400 72774
INFO 2021-08-31 21:25:38,585 autoreload 134876 139825248323392 /home/artyom/Documents/Uni/ISP/lab3/lab3/settings.py changed, reloading.
INFO 2021-08-31 21:25:38,833 autoreload 134970 139984878094144 Watching for file changes with StatReloader
INFO 2021-08-31 21:25:40,470 basehttp 134970 139984815642176 "GET / HTTP/1.1" 200 3073
INFO 2021-08-31 21:25:40,493 basehttp 134970 139984815642176 "GET /static/store/js/cart.js HTTP/1.1" 304 0
INFO 2021-08-31 21:25:41,744 basehttp 134970 139984815642176 "GET / HTTP/1.1" 200 3073
INFO 2021-08-31 21:25:42,275 basehttp 134970 139984815642176 "GET /products/ HTTP/1.1" 200 26885
INFO 2021-08-31 21:25:42,341 basehttp 134970 139984815642176 "GET /static/store/img/SK-A-3262.jpg HTTP/1.1" 200 65617
INFO 2021-08-31 21:25:42,342 basehttp 134970 139984806463040 "GET /static/store/img/SK-A-4050.jpg HTTP/1.1" 200 26305
INFO 2021-08-31 21:25:42,342 basehttp 134970 139984594007616 "GET /static/store/img/SK-C-216.jpg HTTP/1.1" 200 54627
INFO 2021-08-31 21:25:42,342 basehttp 134970 139984568829504 "GET /static/store/img/SK-A-4691.jpg HTTP/1.1" 200 42572
INFO 2021-08-31 21:25:42,343 basehttp 134970 139984577222208 "GET /static/store/img/SK-C-597.jpg HTTP/1.1" 200 43631
INFO 2021-08-31 21:25:42,345 basehttp 134970 139984585614912 "GET /static/store/img/SK-C-5.jpg HTTP/1.1" 200 67089
INFO 2021-08-31 21:25:42,346 basehttp 134970 139984577222208 "GET /static/store/img/SK-A-2391.jpg HTTP/1.1" 200 36658
INFO 2021-08-31 21:25:42,346 basehttp 134970 139984568829504 "GET /static/store/img/SK-C-1768.jpg HTTP/1.1" 200 46000
INFO 2021-08-31 21:25:42,346 basehttp 134970 139984815642176 "GET /static/store/img/SK-C-6.jpg HTTP/1.1" 200 49541
INFO 2021-08-31 21:25:42,346 basehttp 134970 139984806463040 "GET /static/store/img/SK-A-5033.jpg HTTP/1.1" 200 52573
INFO 2021-08-31 21:25:42,348 basehttp 134970 139984806463040 "GET /static/store/img/SK-A-4057.jpg HTTP/1.1" 200 43178
INFO 2021-08-31 21:25:42,392 basehttp 134970 139984594007616 "GET /static/store/img/SK-A-3066.jpg HTTP/1.1" 200 32429
INFO 2021-08-31 21:25:42,394 basehttp 134970 139984585614912 "GET /static/store/img/SK-A-3934.jpg HTTP/1.1" 200 30517
INFO 2021-08-31 21:25:42,394 basehttp 134970 139984815642176 "GET /static/store/img/SK-A-358.jpg HTTP/1.1" 200 35510
INFO 2021-08-31 21:25:42,395 basehttp 134970 139984577222208 "GET /static/store/img/SK-A-3981.jpg HTTP/1.1" 200 44390
INFO 2021-08-31 21:25:42,397 basehttp 134970 139984568829504 "GET /static/store/img/SK-A-4717.jpg HTTP/1.1" 200 65180
INFO 2021-08-31 21:25:42,398 basehttp 134970 139984577222208 "GET /static/store/img/SK-A-3982.jpg HTTP/1.1" 200 32510
INFO 2021-08-31 21:25:42,401 basehttp 134970 139984806463040 "GET /static/store/img/SK-A-3138.jpg HTTP/1.1" 200 25598
INFO 2021-08-31 21:25:42,434 basehttp 134970 139984815642176 "GET /static/store/img/SK-A-4885.jpg HTTP/1.1" 200 28556
INFO 2021-08-31 21:25:42,435 basehttp 134970 139984594007616 "GET /static/store/img/SK-A-4674.jpg HTTP/1.1" 200 71574
INFO 2021-08-31 21:25:42,436 basehttp 134970 139984594007616 "GET /static/store/img/SK-A-3477.jpg HTTP/1.1" 200 53873
INFO 2021-08-31 21:25:42,443 basehttp 134970 139984585614912 "GET /static/store/img/SK-A-3137.jpg HTTP/1.1" 200 28315
INFO 2021-08-31 21:25:42,444 basehttp 134970 139984568829504 "GET /static/store/img/SK-A-4096.jpg HTTP/1.1" 200 78173
INFO 2021-08-31 21:25:42,444 basehttp 134970 139984577222208 "GET /static/store/img/SK-A-4833.jpg HTTP/1.1" 200 48784
INFO 2021-08-31 21:25:42,445 basehttp 134970 139984577222208 "GET /static/store/img/SK-A-3276.jpg HTTP/1.1" 200 34350
INFO 2021-08-31 21:25:42,446 basehttp 134970 139984806463040 "GET /static/store/img/SK-A-4119.jpg HTTP/1.1" 200 32716
INFO 2021-08-31 21:25:42,447 basehttp 134970 139984806463040 "GET /static/store/img/SK-C-1747.jpg HTTP/1.1" 200 51960
INFO 2021-08-31 21:25:42,479 basehttp 134970 139984815642176 "GET /static/store/img/SK-A-91.jpg HTTP/1.1" 200 59983
INFO 2021-08-31 21:25:42,480 basehttp 134970 139984594007616 "GET /static/store/img/SK-A-1935.jpg HTTP/1.1" 200 48128
INFO 2021-08-31 21:25:42,488 basehttp 134970 139984585614912 "GET /static/store/img/SK-A-4019.jpg HTTP/1.1" 200 52621
INFO 2021-08-31 21:25:42,488 basehttp 134970 139984577222208 "GET /static/store/img/SK-C-251.jpg HTTP/1.1" 200 41578
INFO 2021-08-31 21:25:42,489 basehttp 134970 139984568829504 "GET /static/store/img/SK-A-2344.jpg HTTP/1.1" 200 52967
INFO 2021-08-31 21:25:42,491 basehttp 134970 139984806463040 "GET /static/store/img/SK-A-1595.jpg HTTP/1.1" 200 42500
INFO 2021-08-31 21:25:42,492 basehttp 134970 139984568829504 "GET /static/store/img/SK-A-2860.jpg HTTP/1.1" 200 73055
INFO 2021-08-31 21:25:42,523 basehttp 134970 139984594007616 "GET /static/store/img/SK-A-2351.jpg HTTP/1.1" 200 42727
INFO 2021-08-31 21:25:42,524 basehttp 134970 139984594007616 "GET /static/store/img/SK-A-3298.jpg HTTP/1.1" 200 31546
INFO 2021-08-31 21:25:42,526 basehttp 134970 139984815642176 "GET /static/store/img/SK-A-3340.jpg HTTP/1.1" 200 38961
INFO 2021-08-31 21:25:42,531 basehttp 134970 139984577222208 "GET /static/store/img/SK-A-3341.jpg HTTP/1.1" 200 26813
INFO 2021-08-31 21:25:42,531 basehttp 134970 139984585614912 "GET /static/store/img/SK-A-3307.jpg HTTP/1.1" 200 52251
INFO 2021-08-31 21:25:43,584 basehttp 134970 139984568829504 "GET / HTTP/1.1" 200 3073
INFO 2021-08-31 22:42:36,895 autoreload 151514 140658904610624 Watching for file changes with StatReloader
ERROR 2021-08-31 22:42:41,697 exception 151514 140658769655360 Invalid HTTP_HOST header: 'localhost:8000'. You may need to add 'localhost' to ALLOWED_HOSTS.
WARNING 2021-08-31 22:42:41,728 log 151514 140658769655360 Bad Request: /
WARNING 2021-08-31 22:42:41,728 basehttp 151514 140658769655360 "GET / HTTP/1.1" 400 74194
INFO 2021-08-31 22:43:07,463 autoreload 151514 140658904610624 /home/artyom/Documents/Uni/ISP/lab3/lab3/settings.py changed, reloading.
INFO 2021-08-31 22:43:07,668 autoreload 151664 140330723276608 Watching for file changes with StatReloader
INFO 2021-08-31 22:43:10,893 basehttp 151664 140330660562496 "GET / HTTP/1.1" 200 3073
INFO 2021-08-31 22:43:10,927 basehttp 151664 140330660562496 "GET /static/store/js/cart.js HTTP/1.1" 304 0
INFO 2021-08-31 22:43:11,948 basehttp 151664 140330660562496 "GET /products/ HTTP/1.1" 200 26885
INFO 2021-08-31 22:43:12,960 basehttp 151664 140330660562496 "GET / HTTP/1.1" 200 3073
INFO 2021-08-31 22:43:14,026 basehttp 151664 140330660562496 "GET /cart/ HTTP/1.1" 200 4118
INFO 2021-08-31 22:43:14,762 basehttp 151664 140330660562496 "GET /accounts/logout/?next=/ HTTP/1.1" 302 0
INFO 2021-08-31 22:43:14,772 basehttp 151664 140330660562496 "GET / HTTP/1.1" 200 3052
INFO 2021-08-31 22:43:15,477 basehttp 151664 140330660562496 "GET /accounts/login/?next=/ HTTP/1.1" 200 4648
INFO 2021-08-31 22:43:21,066 basehttp 151664 140330660562496 "POST /accounts/login/ HTTP/1.1" 302 0
INFO 2021-08-31 22:43:21,082 basehttp 151664 140330660562496 "GET / HTTP/1.1" 200 3073
INFO 2021-08-31 22:43:23,108 basehttp 151664 140330660562496 "GET /products/ HTTP/1.1" 200 26885
INFO 2021-08-31 22:43:25,256 basehttp 151664 140330660562496 "GET /accounts/logout/?next=/ HTTP/1.1" 302 0
INFO 2021-08-31 22:43:25,277 basehttp 151664 140330660562496 "GET / HTTP/1.1" 200 3052
INFO 2021-08-31 22:43:30,094 basehttp 151664 140330660562496 "GET /products/ HTTP/1.1" 302 0
INFO 2021-08-31 22:43:30,109 basehttp 151664 140330660562496 "GET /accounts/login/?next=/products/ HTTP/1.1" 200 4657
INFO 2021-08-31 22:43:33,029 basehttp 151664 140330660562496 "POST /accounts/login/ HTTP/1.1" 200 4750
INFO 2021-08-31 22:44:40,243 basehttp 151664 140330660562496 "POST /accounts/login/ HTTP/1.1" 200 4819
INFO 2021-08-31 22:44:40,261 basehttp 151664 140330660562496 "GET /static/store/js/cart.js HTTP/1.1" 304 0
INFO 2021-08-31 22:44:52,109 basehttp 151664 140330660562496 "POST /accounts/login/ HTTP/1.1" 200 4814
INFO 2021-08-31 22:44:52,140 basehttp 151664 140330660562496 "GET /static/store/js/cart.js HTTP/1.1" 304 0
INFO 2021-08-31 22:45:02,627 basehttp 151664 140330660562496 "POST /accounts/login/ HTTP/1.1" 200 4796
INFO 2021-08-31 22:45:02,646 basehttp 151664 140330660562496 "GET /static/store/js/cart.js HTTP/1.1" 304 0
INFO 2021-08-31 22:45:15,607 basehttp 151664 140330660562496 "POST /accounts/login/ HTTP/1.1" 200 4823
INFO 2021-08-31 22:45:15,630 basehttp 151664 140330660562496 "GET /static/store/js/cart.js HTTP/1.1" 304 0
INFO 2021-08-31 22:46:20,571 basehttp 151664 140330660562496 "POST /accounts/login/ HTTP/1.1" 200 4823
INFO 2021-08-31 22:46:20,612 basehttp 151664 140330660562496 "GET /static/store/js/cart.js HTTP/1.1" 304 0
INFO 2021-08-31 22:46:22,755 basehttp 151664 140330660562496 "POST /accounts/login/ HTTP/1.1" 200 4823
INFO 2021-08-31 22:46:22,784 basehttp 151664 140330625943104 "GET /static/store/css/store.css HTTP/1.1" 200 2701
INFO 2021-08-31 22:46:22,784 basehttp 151664 140330634335808 "GET /static/store/js/cart.js HTTP/1.1" 200 1540
INFO 2021-08-31 22:46:22,784 basehttp 151664 140330660562496 "GET /static/store/lib/fontawesome/css/all.min.css HTTP/1.1" 200 59344
INFO 2021-08-31 22:46:22,978 basehttp 151664 140330660562496 "GET /static/store/lib/fontawesome/webfonts/fa-solid-900.woff2 HTTP/1.1" 200 78196
WARNING 2021-08-31 22:46:23,034 log 151664 140330660562496 Not Found: /favicon.ico
WARNING 2021-08-31 22:46:23,034 basehttp 151664 140330660562496 "GET /favicon.ico HTTP/1.1" 404 3437
INFO 2021-08-31 22:46:28,664 basehttp 151664 140330660562496 "GET / HTTP/1.1" 200 3052
INFO 2021-08-31 22:46:28,699 basehttp 151664 140330660562496 "GET /static/store/css/store.css HTTP/1.1" 304 0
INFO 2021-08-31 22:46:29,815 basehttp 151664 140330660562496 "GET /accounts/login/?next=/ HTTP/1.1" 200 4664
INFO 2021-08-31 22:46:29,849 basehttp 151664 140330660562496 "GET /static/store/css/store.css HTTP/1.1" 304 0
INFO 2021-08-31 22:46:39,139 basehttp 151664 140330660562496 "GET /accounts/login/?next=/ HTTP/1.1" 200 4664
INFO 2021-08-31 22:46:39,163 basehttp 151664 140330660562496 "GET /static/store/css/store.css HTTP/1.1" 200 2723
INFO 2021-08-31 22:46:39,164 basehttp 151664 140330625943104 "GET /static/store/js/cart.js HTTP/1.1" 304 0
INFO 2021-08-31 22:47:02,341 basehttp 151664 140330660562496 "POST /accounts/login/ HTTP/1.1" 200 4832
INFO 2021-08-31 22:47:02,371 basehttp 151664 140330660562496 "GET /static/store/css/store.css HTTP/1.1" 304 0
INFO 2021-08-31 22:47:34,520 basehttp 151664 140330625943104 "POST /accounts/login/ HTTP/1.1" 200 4815
INFO 2021-08-31 22:47:34,546 basehttp 151664 140330660562496 "GET /static/store/css/store.css HTTP/1.1" 200 2726
INFO 2021-08-31 22:47:34,547 basehttp 151664 140330634335808 "GET /static/store/js/cart.js HTTP/1.1" 200 1540
INFO 2021-08-31 22:47:34,547 basehttp 151664 140330625943104 "GET /static/store/lib/fontawesome/css/all.min.css HTTP/1.1" 200 59344
INFO 2021-08-31 22:47:34,653 basehttp 151664 140330625943104 "GET /static/store/lib/fontawesome/webfonts/fa-solid-900.woff2 HTTP/1.1" 200 78196
WARNING 2021-08-31 22:47:34,677 log 151664 140330625943104 Not Found: /favicon.ico
WARNING 2021-08-31 22:47:34,678 basehttp 151664 140330625943104 "GET /favicon.ico HTTP/1.1" 404 3437
INFO 2021-08-31 22:47:37,515 basehttp 151664 140330625943104 "GET /products/ HTTP/1.1" 302 0
INFO 2021-08-31 22:47:37,533 basehttp 151664 140330625943104 "GET /accounts/login/?next=/products/ HTTP/1.1" 200 4673
INFO 2021-08-31 22:47:37,563 basehttp 151664 140330625943104 "GET /static/store/css/store.css HTTP/1.1" 304 0
INFO 2021-08-31 22:47:38,289 basehttp 151664 140330625943104 "GET /accounts/login/?next=/accounts/login/ HTTP/1.1" 200 4679
INFO 2021-08-31 22:47:38,315 basehttp 151664 140330625943104 "GET /static/store/css/store.css HTTP/1.1" 304 0
INFO 2021-08-31 22:48:04,468 basehttp 151664 140330660562496 "GET /accounts/login/?next=/accounts/login/ HTTP/1.1" 200 4679
INFO 2021-08-31 22:48:04,502 basehttp 151664 140330625943104 "GET /static/store/js/cart.js HTTP/1.1" 200 1540
INFO 2021-08-31 22:48:04,502 basehttp 151664 140330660562496 "GET /static/store/lib/fontawesome/css/all.min.css HTTP/1.1" 200 59344
INFO 2021-08-31 22:48:04,502 basehttp 151664 140330634335808 "GET /static/store/css/store.css HTTP/1.1" 200 2726
INFO 2021-08-31 22:48:04,641 basehttp 151664 140330660562496 "GET /static/store/lib/fontawesome/webfonts/fa-solid-900.woff2 HTTP/1.1" 200 78196
WARNING 2021-08-31 22:48:04,660 log 151664 140330660562496 Not Found: /favicon.ico
WARNING 2021-08-31 22:48:04,660 basehttp 151664 140330660562496 "GET /favicon.ico HTTP/1.1" 404 3437
INFO 2021-08-31 22:48:08,666 basehttp 151664 140330660562496 "POST /accounts/login/ HTTP/1.1" 200 4820
INFO 2021-08-31 22:48:08,691 basehttp 151664 140330660562496 "GET /static/store/css/store.css HTTP/1.1" 304 0
INFO 2021-08-31 22:48:15,807 basehttp 151664 140330660562496 "POST /accounts/login/ HTTP/1.1" 302 0
INFO 2021-08-31 22:48:15,854 basehttp 151664 140330660562496 "GET /accounts/login/ HTTP/1.1" 200 4571
INFO 2021-08-31 22:48:15,897 basehttp 151664 140330660562496 "GET /static/store/css/store.css HTTP/1.1" 304 0
INFO 2021-08-31 22:49:03,873 basehttp 151664 140330660562496 "POST /accounts/login/ HTTP/1.1" 200 4712
INFO 2021-08-31 22:49:03,901 basehttp 151664 140330660562496 "GET /static/store/css/store.css HTTP/1.1" 304 0
INFO 2021-08-31 22:49:08,379 basehttp 151664 140330660562496 "POST /accounts/login/ HTTP/1.1" 302 0
INFO 2021-08-31 22:49:08,388 basehttp 151664 140330660562496 "GET / HTTP/1.1" 200 3073
INFO 2021-08-31 22:49:09,940 basehttp 151664 140330660562496 "GET /products/ HTTP/1.1" 200 26885
INFO 2021-08-31 22:49:10,739 basehttp 151664 140330660562496 "GET /products/2 HTTP/1.1" 200 4956
INFO 2021-08-31 22:49:12,271 basehttp 151664 140330660562496 "POST /update_item/ HTTP/1.1" 200 16
INFO 2021-08-31 22:49:12,291 basehttp 151664 140330660562496 "GET /products/2 HTTP/1.1" 200 4956
INFO 2021-08-31 22:49:12,314 basehttp 151664 140330660562496 "GET /static/store/css/store.css HTTP/1.1" 304 0
INFO 2021-08-31 22:49:12,317 basehttp 151664 140330634335808 "GET /static/store/js/cart.js HTTP/1.1" 304 0
INFO 2021-08-31 22:49:12,365 basehttp 151664 140330634335808 "GET /static/store/img/SK-A-4050.jpg HTTP/1.1" 304 0
INFO 2021-08-31 22:49:13,142 basehttp 151664 140330660562496 "GET /cart/ HTTP/1.1" 200 5544
INFO 2021-08-31 22:49:14,412 basehttp 151664 140330660562496 "POST /update_item/ HTTP/1.1" 200 16
INFO 2021-08-31 22:49:14,448 basehttp 151664 140330660562496 "GET /cart/ HTTP/1.1" 200 5544
INFO 2021-08-31 22:49:14,467 basehttp 151664 140330660562496 "GET /static/store/js/cart.js HTTP/1.1" 304 0
INFO 2021-08-31 22:49:14,476 basehttp 151664 140330660562496 "GET /static/store/img/SK-A-4050.jpg HTTP/1.1" 304 0
INFO 2021-08-31 22:49:15,143 basehttp 151664 140330660562496 "POST /update_item/ HTTP/1.1" 200 16
INFO 2021-08-31 22:49:15,176 basehttp 151664 140330660562496 "GET /cart/ HTTP/1.1" 200 5544
INFO 2021-08-31 22:49:15,267 basehttp 151664 140330660562496 "GET /static/store/js/cart.js HTTP/1.1" 304 0
INFO 2021-08-31 22:49:15,271 basehttp 151664 140330660562496 "GET /static/store/img/SK-A-4050.jpg HTTP/1.1" 304 0
INFO 2021-08-31 22:49:17,207 basehttp 151664 140330660562496 "POST /update_item/ HTTP/1.1" 200 16
INFO 2021-08-31 22:49:17,251 basehttp 151664 140330660562496 "GET /cart/ HTTP/1.1" 200 5544
INFO 2021-08-31 22:49:17,271 basehttp 151664 140330660562496 "GET /static/store/js/cart.js HTTP/1.1" 304 0
INFO 2021-08-31 22:49:17,279 basehttp 151664 140330660562496 "GET /static/store/img/SK-A-4050.jpg HTTP/1.1" 304 0
INFO 2021-08-31 22:49:17,410 basehttp 151664 140330660562496 "POST /update_item/ HTTP/1.1" 200 16
INFO 2021-08-31 22:49:17,430 basehttp 151664 140330660562496 "GET /cart/ HTTP/1.1" 200 5544
INFO 2021-08-31 22:49:17,518 basehttp 151664 140330660562496 "GET /static/store/js/cart.js HTTP/1.1" 304 0
INFO 2021-08-31 22:49:17,526 basehttp 151664 140330660562496 "GET /static/store/img/SK-A-4050.jpg HTTP/1.1" 304 0
INFO 2021-08-31 22:49:18,781 basehttp 151664 140330634335808 "GET /cart/ HTTP/1.1" 200 5544
ERROR 2021-08-31 22:49:18,827 log 151664 140330660562496 Internal Server Error: /save_order/
Traceback (most recent call last):
  File "/home/artyom/.local/share/virtualenvs/lab3-JR_X8FWx/lib/python3.9/site-packages/django/core/handlers/exception.py", line 47, in inner
    response = get_response(request)
  File "/home/artyom/.local/share/virtualenvs/lab3-JR_X8FWx/lib/python3.9/site-packages/django/core/handlers/base.py", line 188, in _get_response
    self.check_response(response, callback)
  File "/home/artyom/.local/share/virtualenvs/lab3-JR_X8FWx/lib/python3.9/site-packages/django/core/handlers/base.py", line 309, in check_response
    raise ValueError(
ValueError: The view store.views.save_order didn't return an HttpResponse object. It returned None instead.
INFO 2021-08-31 22:49:37,055 basehttp 151664 140330634335808 "GET / HTTP/1.1" 200 3073
INFO 2021-08-31 22:49:37,095 basehttp 151664 140330634335808 "GET /static/store/css/store.css HTTP/1.1" 304 0
INFO 2021-08-31 22:49:38,285 basehttp 151664 140330634335808 "GET /cart/ HTTP/1.1" 200 4118
INFO 2021-08-31 22:50:14,157 basehttp 151664 140330634335808 "GET / HTTP/1.1" 200 3073
INFO 2021-08-31 22:50:14,201 basehttp 151664 140330634335808 "GET /static/store/css/store.css HTTP/1.1" 304 0
INFO 2021-08-31 22:52:21,740 autoreload 151664 140330723276608 /home/artyom/Documents/Uni/ISP/lab3/store/views.py changed, reloading.
INFO 2021-08-31 22:52:22,018 autoreload 153936 140321232553792 Watching for file changes with StatReloader
INFO 2021-08-31 22:52:55,781 autoreload 153936 140321232553792 /home/artyom/Documents/Uni/ISP/lab3/store/views.py changed, reloading.
INFO 2021-08-31 22:52:56,050 autoreload 154081 139696542037824 Watching for file changes with StatReloader
INFO 2021-08-31 22:52:59,740 basehttp 154081 139696479323712 "GET /cart/ HTTP/1.1" 200 4118
INFO 2021-08-31 22:52:59,774 basehttp 154081 139696479323712 "GET /static/store/css/store.css HTTP/1.1" 304 0
INFO 2021-08-31 22:53:02,287 basehttp 154081 139696479323712 "GET /products/ HTTP/1.1" 200 26885
INFO 2021-08-31 22:53:04,223 basehttp 154081 139696479323712 "GET /products/3 HTTP/1.1" 200 5090
INFO 2021-08-31 22:53:05,406 basehttp 154081 139696479323712 "POST /update_item/ HTTP/1.1" 200 16
INFO 2021-08-31 22:53:05,429 basehttp 154081 139696479323712 "GET /products/3 HTTP/1.1" 200 5090
INFO 2021-08-31 22:53:05,453 basehttp 154081 139696479323712 "GET /static/store/js/cart.js HTTP/1.1" 200 1603
INFO 2021-08-31 22:53:05,458 basehttp 154081 139696469882432 "GET /static/store/img/SK-C-216.jpg HTTP/1.1" 304 0
WARNING 2021-08-31 22:53:05,607 log 154081 139696479323712 Not Found: /favicon.ico
INFO 2021-08-31 22:53:08,294 basehttp 154081 139696469882432 "GET /cart/ HTTP/1.1" 200 5625
INFO 2021-08-31 22:53:09,843 basehttp 154081 139696479323712 "GET /cart/ HTTP/1.1" 200 4118
INFO 2021-08-31 22:53:09,884 basehttp 154081 139696479323712 "GET /static/store/js/cart.js HTTP/1.1" 304 0
